<?xml version="1.0" encoding="UTF-8"?>
<!-- Generated by org.testng.reporters.JUnitReportReporter -->
<testsuite hostname="DESKTOP-SFNF56E" failures="0" tests="3" name="com.Execution_Layer.Execution_pipe" time="93.816" errors="0" timestamp="2024-04-30T10:39:26 IST" skipped="0">
  <testcase classname="com.Execution_Layer.Execution_pipe" name="user_LogIn_Logout" time="40.591"/>
  <testcase classname="com.Execution_Layer.Execution_pipe" name="import_Pilot_Daily_Payout" time="31.997"/>
  <testcase classname="com.Execution_Layer.Execution_pipe" name="import_MultiClinet_Payout" time="21.228"/>
</testsuite> <!-- com.Execution_Layer.Execution_pipe -->
