<?xml version="1.0" encoding="UTF-8"?>
<!-- Generated by org.testng.reporters.JUnitReportReporter -->
<testsuite hostname="DESKTOP-SFNF56E" failures="0" tests="1" name="com.Page_Objects_Repo.Login_Page" time="2.009" errors="0" timestamp="2024-04-28T16:25:24 IST" skipped="0">
  <testcase classname="com.Page_Objects_Repo.Login_Page" name="login_With_Valid_User" time="2.009"/>
</testsuite> <!-- com.Page_Objects_Repo.Login_Page -->
