<?xml version="1.0" encoding="UTF-8"?>
<!-- Generated by org.testng.reporters.JUnitReportReporter -->
<testsuite hostname="DESKTOP-SFNF56E" failures="0" tests="1" name="com.Page_Objects_Repo.Login_Page" time="0.000" errors="0" timestamp="2024-04-30T09:52:49 IST" skipped="1">
  <testcase classname="com.Page_Objects_Repo.Login_Page" name="Login_With_Valid_User" time="0.000">
    <skipped/>
  </testcase> <!-- Login_With_Valid_User -->
</testsuite> <!-- com.Page_Objects_Repo.Login_Page -->
